{"C:\\Users\\421931\\Desktop\\projects_carlos\\return-new\\src\\data\\useCases\\db-include-invoice-in-demand.ts": {"path":"C:\\Users\\421931\\Desktop\\projects_carlos\\return-new\\src\\data\\useCases\\db-include-invoice-in-demand.ts","statementMap":{"0":{"start":{"line":5,"column":32},"end":{"line":5,"column":71}},"1":{"start":{"line":7,"column":21},"end":{"line":7,"column":64}},"2":{"start":{"line":8,"column":4},"end":{"line":8,"column":null}},"3":{"start":{"line":4,"column":0},"end":{"line":4,"column":13}}},"fnMap":{"0":{"name":"(anonymous_0)","decl":{"start":{"line":5,"column":2},"end":{"line":5,"column":32}},"loc":{"start":{"line":5,"column":71},"end":{"line":5,"column":75}}},"1":{"name":"(anonymous_1)","decl":{"start":{"line":6,"column":2},"end":{"line":6,"column":7}},"loc":{"start":{"line":6,"column":66},"end":{"line":9,"column":3}}}},"branchMap":{},"s":{"0":3,"1":3,"2":2,"3":1},"f":{"0":3,"1":3},"b":{}}
,"C:\\Users\\421931\\Desktop\\projects_carlos\\return-new\\src\\data\\useCases\\db-register-demand.ts": {"path":"C:\\Users\\421931\\Desktop\\projects_carlos\\return-new\\src\\data\\useCases\\db-register-demand.ts","statementMap":{"0":{"start":{"line":5,"column":32},"end":{"line":5,"column":62}},"1":{"start":{"line":7,"column":21},"end":{"line":7,"column":63}},"2":{"start":{"line":8,"column":4},"end":{"line":8,"column":null}},"3":{"start":{"line":4,"column":0},"end":{"line":4,"column":13}}},"fnMap":{"0":{"name":"(anonymous_0)","decl":{"start":{"line":5,"column":2},"end":{"line":5,"column":32}},"loc":{"start":{"line":5,"column":62},"end":{"line":5,"column":66}}},"1":{"name":"(anonymous_1)","decl":{"start":{"line":6,"column":2},"end":{"line":6,"column":7}},"loc":{"start":{"line":6,"column":57},"end":{"line":9,"column":3}}}},"branchMap":{},"s":{"0":3,"1":3,"2":2,"3":1},"f":{"0":3,"1":3},"b":{}}
,"C:\\Users\\421931\\Desktop\\projects_carlos\\return-new\\src\\infra\\auth\\jwt\\jwt-adapter-make.ts": {"path":"C:\\Users\\421931\\Desktop\\projects_carlos\\return-new\\src\\infra\\auth\\jwt\\jwt-adapter-make.ts","statementMap":{"0":{"start":{"line":6,"column":4},"end":{"line":6,"column":null}},"1":{"start":{"line":10,"column":4},"end":{"line":10,"column":null}},"2":{"start":{"line":4,"column":0},"end":{"line":4,"column":13}}},"fnMap":{"0":{"name":"(anonymous_0)","decl":{"start":{"line":5,"column":2},"end":{"line":5,"column":7}},"loc":{"start":{"line":5,"column":35},"end":{"line":7,"column":3}}},"1":{"name":"(anonymous_1)","decl":{"start":{"line":9,"column":2},"end":{"line":9,"column":7}},"loc":{"start":{"line":9,"column":41},"end":{"line":11,"column":3}}}},"branchMap":{},"s":{"0":0,"1":0,"2":0},"f":{"0":0,"1":0},"b":{}}
,"C:\\Users\\421931\\Desktop\\projects_carlos\\return-new\\src\\infra\\auth\\jwt\\jwt-adapter.ts": {"path":"C:\\Users\\421931\\Desktop\\projects_carlos\\return-new\\src\\infra\\auth\\jwt\\jwt-adapter.ts","statementMap":{"0":{"start":{"line":3,"column":0},"end":{"line":3,"column":30}},"1":{"start":{"line":4,"column":0},"end":{"line":4,"column":35}},"2":{"start":{"line":5,"column":0},"end":{"line":5,"column":71}},"3":{"start":{"line":6,"column":0},"end":{"line":6,"column":71}},"4":{"start":{"line":7,"column":0},"end":{"line":7,"column":75}},"5":{"start":{"line":11,"column":17},"end":{"line":11,"column":46}},"6":{"start":{"line":12,"column":4},"end":{"line":14,"column":5}},"7":{"start":{"line":13,"column":6},"end":{"line":13,"column":null}},"8":{"start":{"line":18,"column":4},"end":{"line":26,"column":5}},"9":{"start":{"line":19,"column":25},"end":{"line":19,"column":89}},"10":{"start":{"line":20,"column":6},"end":{"line":20,"column":null}},"11":{"start":{"line":22,"column":6},"end":{"line":22,"column":null}},"12":{"start":{"line":23,"column":6},"end":{"line":23,"column":null}},"13":{"start":{"line":23,"column":46},"end":{"line":23,"column":null}},"14":{"start":{"line":24,"column":6},"end":{"line":24,"column":null}},"15":{"start":{"line":24,"column":46},"end":{"line":24,"column":null}},"16":{"start":{"line":25,"column":6},"end":{"line":25,"column":40}},"17":{"start":{"line":9,"column":0},"end":{"line":9,"column":13}}},"fnMap":{"0":{"name":"(anonymous_1)","decl":{"start":{"line":10,"column":2},"end":{"line":10,"column":7}},"loc":{"start":{"line":10,"column":35},"end":{"line":15,"column":3}}},"1":{"name":"(anonymous_2)","decl":{"start":{"line":17,"column":2},"end":{"line":17,"column":7}},"loc":{"start":{"line":17,"column":41},"end":{"line":27,"column":3}}}},"branchMap":{"0":{"loc":{"start":{"line":12,"column":4},"end":{"line":14,"column":5}},"type":"if","locations":[{"start":{"line":12,"column":4},"end":{"line":14,"column":5}}]},"1":{"loc":{"start":{"line":23,"column":6},"end":{"line":23,"column":null}},"type":"if","locations":[{"start":{"line":23,"column":6},"end":{"line":23,"column":null}}]},"2":{"loc":{"start":{"line":24,"column":6},"end":{"line":24,"column":null}},"type":"if","locations":[{"start":{"line":24,"column":6},"end":{"line":24,"column":null}}]}},"s":{"0":0,"1":0,"2":0,"3":0,"4":0,"5":0,"6":0,"7":0,"8":0,"9":0,"10":0,"11":0,"12":0,"13":0,"14":0,"15":0,"16":0,"17":0},"f":{"0":0,"1":0},"b":{"0":[0],"1":[0],"2":[0]}}
,"C:\\Users\\421931\\Desktop\\projects_carlos\\return-new\\src\\infra\\cache\\chace-console.ts": {"path":"C:\\Users\\421931\\Desktop\\projects_carlos\\return-new\\src\\infra\\cache\\chace-console.ts","statementMap":{"0":{"start":{"line":5,"column":4},"end":{"line":5,"column":null}},"1":{"start":{"line":9,"column":4},"end":{"line":9,"column":null}},"2":{"start":{"line":13,"column":4},"end":{"line":13,"column":null}},"3":{"start":{"line":17,"column":4},"end":{"line":17,"column":null}},"4":{"start":{"line":21,"column":4},"end":{"line":21,"column":null}},"5":{"start":{"line":3,"column":0},"end":{"line":3,"column":13}}},"fnMap":{"0":{"name":"(anonymous_0)","decl":{"start":{"line":4,"column":2},"end":{"line":4,"column":7}},"loc":{"start":{"line":4,"column":51},"end":{"line":6,"column":3}}},"1":{"name":"(anonymous_1)","decl":{"start":{"line":8,"column":2},"end":{"line":8,"column":7}},"loc":{"start":{"line":8,"column":26},"end":{"line":10,"column":3}}},"2":{"name":"(anonymous_2)","decl":{"start":{"line":12,"column":2},"end":{"line":12,"column":7}},"loc":{"start":{"line":12,"column":24},"end":{"line":14,"column":3}}},"3":{"name":"(anonymous_3)","decl":{"start":{"line":16,"column":2},"end":{"line":16,"column":7}},"loc":{"start":{"line":16,"column":24},"end":{"line":18,"column":3}}},"4":{"name":"(anonymous_4)","decl":{"start":{"line":20,"column":2},"end":{"line":20,"column":7}},"loc":{"start":{"line":20,"column":13},"end":{"line":22,"column":3}}}},"branchMap":{},"s":{"0":0,"1":0,"2":0,"3":0,"4":0,"5":0},"f":{"0":0,"1":0,"2":0,"3":0,"4":0},"b":{}}
,"C:\\Users\\421931\\Desktop\\projects_carlos\\return-new\\src\\infra\\cache\\redis.ts": {"path":"C:\\Users\\421931\\Desktop\\projects_carlos\\return-new\\src\\infra\\cache\\redis.ts","statementMap":{"0":{"start":{"line":1,"column":0},"end":{"line":1,"column":27}},"1":{"start":{"line":9,"column":4},"end":{"line":15,"column":null}},"2":{"start":{"line":19,"column":17},"end":{"line":19,"column":38}},"3":{"start":{"line":20,"column":4},"end":{"line":24,"column":5}},"4":{"start":{"line":21,"column":6},"end":{"line":21,"column":49}},"5":{"start":{"line":23,"column":6},"end":{"line":23,"column":38}},"6":{"start":{"line":28,"column":4},"end":{"line":33,"column":null}},"7":{"start":{"line":29,"column":6},"end":{"line":31,"column":7}},"8":{"start":{"line":30,"column":8},"end":{"line":30,"column":null}},"9":{"start":{"line":32,"column":6},"end":{"line":32,"column":null}},"10":{"start":{"line":37,"column":4},"end":{"line":37,"column":null}},"11":{"start":{"line":41,"column":4},"end":{"line":41,"column":null}},"12":{"start":{"line":41,"column":51},"end":{"line":41,"column":63}},"13":{"start":{"line":45,"column":4},"end":{"line":45,"column":31}},"14":{"start":{"line":4,"column":0},"end":{"line":4,"column":13}}},"fnMap":{"0":{"name":"(anonymous_1)","decl":{"start":{"line":7,"column":2},"end":{"line":7,"column":null}},"loc":{"start":{"line":7,"column":2},"end":{"line":16,"column":3}}},"1":{"name":"(anonymous_2)","decl":{"start":{"line":18,"column":2},"end":{"line":18,"column":7}},"loc":{"start":{"line":18,"column":51},"end":{"line":25,"column":3}}},"2":{"name":"(anonymous_3)","decl":{"start":{"line":27,"column":2},"end":{"line":27,"column":7}},"loc":{"start":{"line":27,"column":26},"end":{"line":34,"column":3}}},"3":{"name":"(anonymous_4)","decl":{"start":{"line":28,"column":36},"end":{"line":28,"column":37}},"loc":{"start":{"line":28,"column":45},"end":{"line":33,"column":5}}},"4":{"name":"(anonymous_5)","decl":{"start":{"line":36,"column":2},"end":{"line":36,"column":7}},"loc":{"start":{"line":36,"column":24},"end":{"line":38,"column":3}}},"5":{"name":"(anonymous_6)","decl":{"start":{"line":40,"column":2},"end":{"line":40,"column":7}},"loc":{"start":{"line":40,"column":24},"end":{"line":42,"column":3}}},"6":{"name":"(anonymous_7)","decl":{"start":{"line":41,"column":39},"end":{"line":41,"column":40}},"loc":{"start":{"line":41,"column":51},"end":{"line":41,"column":63}}},"7":{"name":"(anonymous_8)","decl":{"start":{"line":44,"column":2},"end":{"line":44,"column":7}},"loc":{"start":{"line":44,"column":13},"end":{"line":46,"column":3}}}},"branchMap":{"0":{"loc":{"start":{"line":20,"column":4},"end":{"line":24,"column":5}},"type":"if","locations":[{"start":{"line":20,"column":4},"end":{"line":24,"column":5}},{"start":{"line":22,"column":11},"end":{"line":24,"column":5}}]},"1":{"loc":{"start":{"line":29,"column":6},"end":{"line":31,"column":7}},"type":"if","locations":[{"start":{"line":29,"column":6},"end":{"line":31,"column":7}}]}},"s":{"0":0,"1":0,"2":0,"3":0,"4":0,"5":0,"6":0,"7":0,"8":0,"9":0,"10":0,"11":0,"12":0,"13":0,"14":0},"f":{"0":0,"1":0,"2":0,"3":0,"4":0,"5":0,"6":0,"7":0},"b":{"0":[0,0],"1":[0]}}
,"C:\\Users\\421931\\Desktop\\projects_carlos\\return-new\\src\\infra\\convertFile\\convert-for-json.ts": {"path":"C:\\Users\\421931\\Desktop\\projects_carlos\\return-new\\src\\infra\\convertFile\\convert-for-json.ts","statementMap":{"0":{"start":{"line":6,"column":21},"end":{"line":6,"column":48}},"1":{"start":{"line":7,"column":21},"end":{"line":7,"column":49}},"2":{"start":{"line":11,"column":21},"end":{"line":11,"column":34}},"3":{"start":{"line":12,"column":4},"end":{"line":14,"column":5}},"4":{"start":{"line":13,"column":6},"end":{"line":13,"column":null}},"5":{"start":{"line":15,"column":4},"end":{"line":15,"column":null}},"6":{"start":{"line":15,"column":41},"end":{"line":15,"column":null}},"7":{"start":{"line":4,"column":0},"end":{"line":4,"column":13}}},"fnMap":{"0":{"name":"(anonymous_0)","decl":{"start":{"line":5,"column":2},"end":{"line":5,"column":null}},"loc":{"start":{"line":7,"column":49},"end":{"line":8,"column":6}}},"1":{"name":"(anonymous_1)","decl":{"start":{"line":10,"column":2},"end":{"line":10,"column":7}},"loc":{"start":{"line":10,"column":26},"end":{"line":16,"column":3}}}},"branchMap":{"0":{"loc":{"start":{"line":12,"column":4},"end":{"line":14,"column":5}},"type":"if","locations":[{"start":{"line":12,"column":4},"end":{"line":14,"column":5}}]},"1":{"loc":{"start":{"line":15,"column":4},"end":{"line":15,"column":null}},"type":"if","locations":[{"start":{"line":15,"column":4},"end":{"line":15,"column":null}}]}},"s":{"0":2,"1":2,"2":2,"3":2,"4":1,"5":1,"6":1,"7":1},"f":{"0":2,"1":2},"b":{"0":[1],"1":[1]}}
,"C:\\Users\\421931\\Desktop\\projects_carlos\\return-new\\src\\infra\\convertFile\\conversors\\xlsx-converter.ts": {"path":"C:\\Users\\421931\\Desktop\\projects_carlos\\return-new\\src\\infra\\convertFile\\conversors\\xlsx-converter.ts","statementMap":{"0":{"start":{"line":3,"column":0},"end":{"line":3,"column":28}},"1":{"start":{"line":7,"column":21},"end":{"line":7,"column":56}},"2":{"start":{"line":8,"column":22},"end":{"line":8,"column":44}},"3":{"start":{"line":9,"column":22},"end":{"line":9,"column":48}},"4":{"start":{"line":11,"column":4},"end":{"line":13,"column":5}},"5":{"start":{"line":12,"column":6},"end":{"line":12,"column":null}},"6":{"start":{"line":15,"column":28},"end":{"line":15,"column":79}},"7":{"start":{"line":17,"column":4},"end":{"line":19,"column":5}},"8":{"start":{"line":18,"column":6},"end":{"line":18,"column":null}},"9":{"start":{"line":21,"column":20},"end":{"line":21,"column":56}},"10":{"start":{"line":22,"column":24},"end":{"line":26,"column":7}},"11":{"start":{"line":22,"column":48},"end":{"line":26,"column":6}},"12":{"start":{"line":28,"column":4},"end":{"line":31,"column":null}},"13":{"start":{"line":5,"column":0},"end":{"line":5,"column":13}}},"fnMap":{"0":{"name":"(anonymous_9)","decl":{"start":{"line":6,"column":2},"end":{"line":6,"column":7}},"loc":{"start":{"line":6,"column":29},"end":{"line":32,"column":3}}},"1":{"name":"(anonymous_10)","decl":{"start":{"line":22,"column":37},"end":{"line":22,"column":38}},"loc":{"start":{"line":22,"column":48},"end":{"line":26,"column":6}}}},"branchMap":{"0":{"loc":{"start":{"line":11,"column":4},"end":{"line":13,"column":5}},"type":"if","locations":[{"start":{"line":11,"column":4},"end":{"line":13,"column":5}}]},"1":{"loc":{"start":{"line":17,"column":4},"end":{"line":19,"column":5}},"type":"if","locations":[{"start":{"line":17,"column":4},"end":{"line":19,"column":5}}]},"2":{"loc":{"start":{"line":21,"column":27},"end":{"line":21,"column":48}},"type":"binary-expr","locations":[{"start":{"line":21,"column":27},"end":{"line":21,"column":42}},{"start":{"line":21,"column":46},"end":{"line":21,"column":48}}]},"3":{"loc":{"start":{"line":23,"column":18},"end":{"line":23,"column":34}},"type":"binary-expr","locations":[{"start":{"line":23,"column":18},"end":{"line":23,"column":28}},{"start":{"line":23,"column":32},"end":{"line":23,"column":34}}]},"4":{"loc":{"start":{"line":24,"column":23},"end":{"line":24,"column":38}},"type":"binary-expr","locations":[{"start":{"line":24,"column":23},"end":{"line":24,"column":32}},{"start":{"line":24,"column":36},"end":{"line":24,"column":38}}]},"5":{"loc":{"start":{"line":25,"column":24},"end":{"line":25,"column":39}},"type":"binary-expr","locations":[{"start":{"line":25,"column":24},"end":{"line":25,"column":33}},{"start":{"line":25,"column":37},"end":{"line":25,"column":39}}]}},"s":{"0":2,"1":3,"2":3,"3":3,"4":3,"5":0,"6":3,"7":3,"8":1,"9":2,"10":2,"11":4,"12":2,"13":2},"f":{"0":3,"1":4},"b":{"0":[0],"1":[1],"2":[2,0],"3":[4,0],"4":[4,0],"5":[4,0]}}
,"C:\\Users\\421931\\Desktop\\projects_carlos\\return-new\\src\\infra\\convertFile\\conversors\\xml-converter.ts": {"path":"C:\\Users\\421931\\Desktop\\projects_carlos\\return-new\\src\\infra\\convertFile\\conversors\\xml-converter.ts","statementMap":{"0":{"start":{"line":2,"column":0},"end":{"line":2,"column":28}},"1":{"start":{"line":6,"column":24},"end":{"line":6,"column":88}},"2":{"start":{"line":8,"column":4},"end":{"line":10,"column":5}},"3":{"start":{"line":9,"column":6},"end":{"line":9,"column":null}},"4":{"start":{"line":12,"column":18},"end":{"line":12,"column":55}},"5":{"start":{"line":13,"column":4},"end":{"line":13,"column":null}},"6":{"start":{"line":18,"column":4},"end":{"line":27,"column":5}},"7":{"start":{"line":19,"column":6},"end":{"line":26,"column":null}},"8":{"start":{"line":29,"column":4},"end":{"line":36,"column":null}},"9":{"start":{"line":31,"column":74},"end":{"line":35,"column":8}},"10":{"start":{"line":4,"column":0},"end":{"line":4,"column":13}}},"fnMap":{"0":{"name":"(anonymous_1)","decl":{"start":{"line":5,"column":2},"end":{"line":5,"column":7}},"loc":{"start":{"line":5,"column":29},"end":{"line":14,"column":3}}},"1":{"name":"(anonymous_2)","decl":{"start":{"line":16,"column":10},"end":{"line":16,"column":29}},"loc":{"start":{"line":16,"column":47},"end":{"line":37,"column":3}}},"2":{"name":"(anonymous_3)","decl":{"start":{"line":31,"column":58},"end":{"line":31,"column":59}},"loc":{"start":{"line":31,"column":74},"end":{"line":35,"column":8}}}},"branchMap":{"0":{"loc":{"start":{"line":8,"column":4},"end":{"line":10,"column":5}},"type":"if","locations":[{"start":{"line":8,"column":4},"end":{"line":10,"column":5}}]},"1":{"loc":{"start":{"line":8,"column":9},"end":{"line":8,"column":47}},"type":"cond-expr","locations":[{"start":{"line":8,"column":42},"end":{"line":8,"column":44}},{"start":{"line":8,"column":42},"end":{"line":8,"column":47}}]},"2":{"loc":{"start":{"line":8,"column":9},"end":{"line":8,"column":44}},"type":"binary-expr","locations":[{"start":{"line":8,"column":9},"end":{"line":8,"column":44}},{"start":{"line":8,"column":42},"end":{"line":8,"column":44}}]},"3":{"loc":{"start":{"line":8,"column":9},"end":{"line":8,"column":42}},"type":"cond-expr","locations":[{"start":{"line":8,"column":34},"end":{"line":8,"column":36}},{"start":{"line":8,"column":34},"end":{"line":8,"column":42}}]},"4":{"loc":{"start":{"line":8,"column":9},"end":{"line":8,"column":36}},"type":"binary-expr","locations":[{"start":{"line":8,"column":9},"end":{"line":8,"column":36}},{"start":{"line":8,"column":34},"end":{"line":8,"column":36}}]},"5":{"loc":{"start":{"line":8,"column":9},"end":{"line":8,"column":34}},"type":"cond-expr","locations":[{"start":{"line":8,"column":29},"end":{"line":8,"column":31}},{"start":{"line":8,"column":29},"end":{"line":8,"column":34}}]},"6":{"loc":{"start":{"line":8,"column":9},"end":{"line":8,"column":31}},"type":"binary-expr","locations":[{"start":{"line":8,"column":9},"end":{"line":8,"column":31}},{"start":{"line":8,"column":29},"end":{"line":8,"column":31}}]},"7":{"loc":{"start":{"line":8,"column":9},"end":{"line":8,"column":29}},"type":"cond-expr","locations":[{"start":{"line":8,"column":20},"end":{"line":8,"column":22}},{"start":{"line":8,"column":9},"end":{"line":8,"column":29}}]},"8":{"loc":{"start":{"line":8,"column":9},"end":{"line":8,"column":22}},"type":"binary-expr","locations":[{"start":{"line":8,"column":9},"end":{"line":8,"column":22}},{"start":{"line":8,"column":9},"end":{"line":8,"column":22}}]},"9":{"loc":{"start":{"line":18,"column":4},"end":{"line":27,"column":5}},"type":"if","locations":[{"start":{"line":18,"column":4},"end":{"line":27,"column":5}}]}},"s":{"0":2,"1":3,"2":3,"3":1,"4":2,"5":2,"6":2,"7":1,"8":1,"9":2,"10":2},"f":{"0":3,"1":2,"2":2},"b":{"0":[1],"1":[1,2],"2":[3,3],"3":[1,2],"4":[3,3],"5":[1,2],"6":[3,3],"7":[0,3],"8":[3,3],"9":[1]}}
,"C:\\Users\\421931\\Desktop\\projects_carlos\\return-new\\src\\infra\\observability\\logger\\logger-provider.ts": {"path":"C:\\Users\\421931\\Desktop\\projects_carlos\\return-new\\src\\infra\\observability\\logger\\logger-provider.ts","statementMap":{"0":{"start":{"line":1,"column":0},"end":{"line":1,"column":66}},"1":{"start":{"line":3,"column":13},"end":{"line":3,"column":null}}},"fnMap":{},"branchMap":{},"s":{"0":0,"1":0},"f":{},"b":{}}
,"C:\\Users\\421931\\Desktop\\projects_carlos\\return-new\\src\\infra\\observability\\logger\\logger-instances\\logger-pino.ts": {"path":"C:\\Users\\421931\\Desktop\\projects_carlos\\return-new\\src\\infra\\observability\\logger\\logger-instances\\logger-pino.ts","statementMap":{"0":{"start":{"line":1,"column":0},"end":{"line":1,"column":23}},"1":{"start":{"line":5,"column":19},"end":{"line":7,"column":null}},"2":{"start":{"line":10,"column":4},"end":{"line":10,"column":null}},"3":{"start":{"line":14,"column":4},"end":{"line":14,"column":null}},"4":{"start":{"line":18,"column":4},"end":{"line":18,"column":null}},"5":{"start":{"line":22,"column":4},"end":{"line":22,"column":null}},"6":{"start":{"line":4,"column":0},"end":{"line":4,"column":13}}},"fnMap":{"0":{"name":"(anonymous_1)","decl":{"start":{"line":4,"column":0},"end":{"line":4,"column":13}},"loc":{"start":{"line":4,"column":0},"end":{"line":24,"column":1}}},"1":{"name":"(anonymous_2)","decl":{"start":{"line":9,"column":2},"end":{"line":9,"column":6}},"loc":{"start":{"line":9,"column":43},"end":{"line":11,"column":3}}},"2":{"name":"(anonymous_3)","decl":{"start":{"line":13,"column":2},"end":{"line":13,"column":6}},"loc":{"start":{"line":13,"column":43},"end":{"line":15,"column":3}}},"3":{"name":"(anonymous_4)","decl":{"start":{"line":17,"column":2},"end":{"line":17,"column":7}},"loc":{"start":{"line":17,"column":44},"end":{"line":19,"column":3}}},"4":{"name":"(anonymous_5)","decl":{"start":{"line":21,"column":2},"end":{"line":21,"column":7}},"loc":{"start":{"line":21,"column":44},"end":{"line":23,"column":3}}}},"branchMap":{},"s":{"0":0,"1":0,"2":0,"3":0,"4":0,"5":0,"6":0},"f":{"0":0,"1":0,"2":0,"3":0,"4":0},"b":{}}
,"C:\\Users\\421931\\Desktop\\projects_carlos\\return-new\\src\\infra\\observability\\logger\\logger-instances\\logger-winstson-teste.ts": {"path":"C:\\Users\\421931\\Desktop\\projects_carlos\\return-new\\src\\infra\\observability\\logger\\logger-instances\\logger-winstson-teste.ts","statementMap":{"0":{"start":{"line":1,"column":0},"end":{"line":1,"column":56}},"1":{"start":{"line":2,"column":0},"end":{"line":2,"column":87}},"2":{"start":{"line":3,"column":0},"end":{"line":3,"column":76}},"3":{"start":{"line":4,"column":0},"end":{"line":4,"column":79}},"4":{"start":{"line":5,"column":0},"end":{"line":5,"column":74}},"5":{"start":{"line":7,"column":12},"end":{"line":21,"column":2}},"6":{"start":{"line":22,"column":0},"end":{"line":22,"column":null}}},"fnMap":{},"branchMap":{},"s":{"0":0,"1":0,"2":0,"3":0,"4":0,"5":0,"6":0},"f":{},"b":{}}
,"C:\\Users\\421931\\Desktop\\projects_carlos\\return-new\\src\\infra\\observability\\logger\\logger-instances\\logger-winstson.ts": {"path":"C:\\Users\\421931\\Desktop\\projects_carlos\\return-new\\src\\infra\\observability\\logger\\logger-instances\\logger-winstson.ts","statementMap":{"0":{"start":{"line":1,"column":0},"end":{"line":1,"column":29}},"1":{"start":{"line":3,"column":0},"end":{"line":3,"column":40}},"2":{"start":{"line":6,"column":19},"end":{"line":19,"column":null}},"3":{"start":{"line":22,"column":4},"end":{"line":22,"column":null}},"4":{"start":{"line":26,"column":4},"end":{"line":26,"column":null}},"5":{"start":{"line":30,"column":4},"end":{"line":30,"column":null}},"6":{"start":{"line":34,"column":4},"end":{"line":34,"column":null}},"7":{"start":{"line":5,"column":0},"end":{"line":5,"column":13}}},"fnMap":{"0":{"name":"(anonymous_1)","decl":{"start":{"line":5,"column":0},"end":{"line":5,"column":13}},"loc":{"start":{"line":5,"column":0},"end":{"line":36,"column":1}}},"1":{"name":"(anonymous_2)","decl":{"start":{"line":21,"column":2},"end":{"line":21,"column":6}},"loc":{"start":{"line":21,"column":43},"end":{"line":23,"column":3}}},"2":{"name":"(anonymous_3)","decl":{"start":{"line":25,"column":2},"end":{"line":25,"column":6}},"loc":{"start":{"line":25,"column":43},"end":{"line":27,"column":3}}},"3":{"name":"(anonymous_4)","decl":{"start":{"line":29,"column":2},"end":{"line":29,"column":7}},"loc":{"start":{"line":29,"column":44},"end":{"line":31,"column":3}}},"4":{"name":"(anonymous_5)","decl":{"start":{"line":33,"column":2},"end":{"line":33,"column":7}},"loc":{"start":{"line":33,"column":44},"end":{"line":35,"column":3}}}},"branchMap":{},"s":{"0":0,"1":0,"2":0,"3":0,"4":0,"5":0,"6":0,"7":0},"f":{"0":0,"1":0,"2":0,"3":0,"4":0},"b":{}}
,"C:\\Users\\421931\\Desktop\\projects_carlos\\return-new\\src\\infra\\observability\\metrics\\metrics.ts": {"path":"C:\\Users\\421931\\Desktop\\projects_carlos\\return-new\\src\\infra\\observability\\metrics\\metrics.ts","statementMap":{"0":{"start":{"line":1,"column":0},"end":{"line":1,"column":49}},"1":{"start":{"line":2,"column":0},"end":{"line":2,"column":null}},"2":{"start":{"line":5,"column":0},"end":{"line":5,"column":87}},"3":{"start":{"line":6,"column":0},"end":{"line":6,"column":78}},"4":{"start":{"line":7,"column":0},"end":{"line":7,"column":73}},"5":{"start":{"line":8,"column":0},"end":{"line":8,"column":79}},"6":{"start":{"line":10,"column":23},"end":{"line":12,"column":2}},"7":{"start":{"line":15,"column":13},"end":{"line":21,"column":null}},"8":{"start":{"line":24,"column":0},"end":{"line":24,"column":null}}},"fnMap":{},"branchMap":{},"s":{"0":0,"1":0,"2":0,"3":0,"4":0,"5":0,"6":0,"7":0,"8":0},"f":{},"b":{}}
,"C:\\Users\\421931\\Desktop\\projects_carlos\\return-new\\src\\infra\\validators\\validator-zod.ts": {"path":"C:\\Users\\421931\\Desktop\\projects_carlos\\return-new\\src\\infra\\validators\\validator-zod.ts","statementMap":{"0":{"start":{"line":3,"column":0},"end":{"line":3,"column":70}},"1":{"start":{"line":4,"column":0},"end":{"line":4,"column":81}},"2":{"start":{"line":7,"column":32},"end":{"line":7,"column":49}},"3":{"start":{"line":10,"column":19},"end":{"line":10,"column":47}},"4":{"start":{"line":11,"column":4},"end":{"line":18,"column":5}},"5":{"start":{"line":12,"column":6},"end":{"line":12,"column":null}},"6":{"start":{"line":13,"column":21},"end":{"line":13,"column":74}},"7":{"start":{"line":13,"column":52},"end":{"line":13,"column":61}},"8":{"start":{"line":14,"column":6},"end":{"line":17,"column":null}},"9":{"start":{"line":19,"column":4},"end":{"line":23,"column":5}},"10":{"start":{"line":20,"column":6},"end":{"line":22,"column":null}},"11":{"start":{"line":6,"column":0},"end":{"line":6,"column":13}}},"fnMap":{"0":{"name":"(anonymous_0)","decl":{"start":{"line":7,"column":2},"end":{"line":7,"column":32}},"loc":{"start":{"line":7,"column":49},"end":{"line":7,"column":53}}},"1":{"name":"(anonymous_1)","decl":{"start":{"line":9,"column":2},"end":{"line":9,"column":9}},"loc":{"start":{"line":9,"column":25},"end":{"line":24,"column":3}}},"2":{"name":"(anonymous_2)","decl":{"start":{"line":13,"column":45},"end":{"line":13,"column":46}},"loc":{"start":{"line":13,"column":52},"end":{"line":13,"column":61}}}},"branchMap":{"0":{"loc":{"start":{"line":11,"column":4},"end":{"line":18,"column":5}},"type":"if","locations":[{"start":{"line":11,"column":4},"end":{"line":18,"column":5}}]},"1":{"loc":{"start":{"line":19,"column":4},"end":{"line":23,"column":5}},"type":"if","locations":[{"start":{"line":19,"column":4},"end":{"line":23,"column":5}}]}},"s":{"0":1,"1":1,"2":2,"3":2,"4":2,"5":1,"6":1,"7":2,"8":1,"9":1,"10":1,"11":1},"f":{"0":2,"1":2,"2":2},"b":{"0":[1],"1":[1]}}
,"C:\\Users\\421931\\Desktop\\projects_carlos\\return-new\\src\\presentation\\controllers\\include-invoice-in-demand.ts": {"path":"C:\\Users\\421931\\Desktop\\projects_carlos\\return-new\\src\\presentation\\controllers\\include-invoice-in-demand.ts","statementMap":{"0":{"start":{"line":4,"column":0},"end":{"line":4,"column":56}},"1":{"start":{"line":6,"column":0},"end":{"line":6,"column":84}},"2":{"start":{"line":10,"column":21},"end":{"line":10,"column":60}},"3":{"start":{"line":11,"column":21},"end":{"line":11,"column":41}},"4":{"start":{"line":12,"column":21},"end":{"line":12,"column":49}},"5":{"start":{"line":16,"column":4},"end":{"line":25,"column":5}},"6":{"start":{"line":17,"column":20},"end":{"line":17,"column":51}},"7":{"start":{"line":18,"column":25},"end":{"line":18,"column":71}},"8":{"start":{"line":19,"column":6},"end":{"line":19,"column":null}},"9":{"start":{"line":19,"column":23},"end":{"line":19,"column":null}},"10":{"start":{"line":20,"column":6},"end":{"line":20,"column":null}},"11":{"start":{"line":20,"column":26},"end":{"line":20,"column":null}},"12":{"start":{"line":21,"column":23},"end":{"line":21,"column":107}},"13":{"start":{"line":22,"column":6},"end":{"line":22,"column":null}},"14":{"start":{"line":24,"column":6},"end":{"line":24,"column":null}},"15":{"start":{"line":8,"column":0},"end":{"line":8,"column":13}}},"fnMap":{"0":{"name":"(anonymous_0)","decl":{"start":{"line":9,"column":2},"end":{"line":9,"column":null}},"loc":{"start":{"line":12,"column":49},"end":{"line":13,"column":6}}},"1":{"name":"(anonymous_1)","decl":{"start":{"line":15,"column":2},"end":{"line":15,"column":7}},"loc":{"start":{"line":15,"column":65},"end":{"line":26,"column":3}}}},"branchMap":{"0":{"loc":{"start":{"line":19,"column":6},"end":{"line":19,"column":null}},"type":"if","locations":[{"start":{"line":19,"column":6},"end":{"line":19,"column":null}}]},"1":{"loc":{"start":{"line":20,"column":6},"end":{"line":20,"column":null}},"type":"if","locations":[{"start":{"line":20,"column":6},"end":{"line":20,"column":null}}]}},"s":{"0":1,"1":1,"2":7,"3":7,"4":7,"5":7,"6":7,"7":7,"8":7,"9":1,"10":6,"11":1,"12":5,"13":4,"14":1,"15":1},"f":{"0":7,"1":7},"b":{"0":[1],"1":[1]}}
,"C:\\Users\\421931\\Desktop\\projects_carlos\\return-new\\src\\presentation\\controllers\\register-demand-controller.ts": {"path":"C:\\Users\\421931\\Desktop\\projects_carlos\\return-new\\src\\presentation\\controllers\\register-demand-controller.ts","statementMap":{"0":{"start":{"line":2,"column":0},"end":{"line":2,"column":56}},"1":{"start":{"line":8,"column":21},"end":{"line":8,"column":51}},"2":{"start":{"line":9,"column":21},"end":{"line":9,"column":41}},"3":{"start":{"line":13,"column":4},"end":{"line":21,"column":5}},"4":{"start":{"line":14,"column":20},"end":{"line":14,"column":51}},"5":{"start":{"line":15,"column":6},"end":{"line":15,"column":null}},"6":{"start":{"line":15,"column":26},"end":{"line":15,"column":null}},"7":{"start":{"line":16,"column":21},"end":{"line":16,"column":64}},"8":{"start":{"line":18,"column":6},"end":{"line":18,"column":null}},"9":{"start":{"line":20,"column":6},"end":{"line":20,"column":null}},"10":{"start":{"line":6,"column":0},"end":{"line":6,"column":13}}},"fnMap":{"0":{"name":"(anonymous_0)","decl":{"start":{"line":7,"column":2},"end":{"line":7,"column":null}},"loc":{"start":{"line":9,"column":41},"end":{"line":10,"column":6}}},"1":{"name":"(anonymous_1)","decl":{"start":{"line":12,"column":2},"end":{"line":12,"column":7}},"loc":{"start":{"line":12,"column":57},"end":{"line":22,"column":3}}}},"branchMap":{"0":{"loc":{"start":{"line":15,"column":6},"end":{"line":15,"column":null}},"type":"if","locations":[{"start":{"line":15,"column":6},"end":{"line":15,"column":null}}]}},"s":{"0":1,"1":5,"2":5,"3":5,"4":5,"5":5,"6":1,"7":4,"8":3,"9":1,"10":1},"f":{"0":5,"1":5},"b":{"0":[1]}}
,"C:\\Users\\421931\\Desktop\\projects_carlos\\return-new\\src\\presentation\\errors\\access-denied-error.ts": {"path":"C:\\Users\\421931\\Desktop\\projects_carlos\\return-new\\src\\presentation\\errors\\access-denied-error.ts","statementMap":{"0":{"start":{"line":3,"column":4},"end":{"line":3,"column":null}},"1":{"start":{"line":4,"column":4},"end":{"line":4,"column":null}},"2":{"start":{"line":1,"column":0},"end":{"line":1,"column":13}}},"fnMap":{"0":{"name":"(anonymous_0)","decl":{"start":{"line":2,"column":2},"end":{"line":2,"column":null}},"loc":{"start":{"line":2,"column":2},"end":{"line":5,"column":3}}}},"branchMap":{},"s":{"0":0,"1":0,"2":0},"f":{"0":0},"b":{}}
,"C:\\Users\\421931\\Desktop\\projects_carlos\\return-new\\src\\presentation\\errors\\invalid-param-error.ts": {"path":"C:\\Users\\421931\\Desktop\\projects_carlos\\return-new\\src\\presentation\\errors\\invalid-param-error.ts","statementMap":{"0":{"start":{"line":3,"column":4},"end":{"line":3,"column":null}},"1":{"start":{"line":4,"column":4},"end":{"line":4,"column":null}},"2":{"start":{"line":1,"column":0},"end":{"line":1,"column":13}}},"fnMap":{"0":{"name":"(anonymous_0)","decl":{"start":{"line":2,"column":2},"end":{"line":2,"column":15}},"loc":{"start":{"line":2,"column":32},"end":{"line":5,"column":3}}}},"branchMap":{},"s":{"0":6,"1":6,"2":3},"f":{"0":6},"b":{}}
,"C:\\Users\\421931\\Desktop\\projects_carlos\\return-new\\src\\presentation\\errors\\server-error.ts": {"path":"C:\\Users\\421931\\Desktop\\projects_carlos\\return-new\\src\\presentation\\errors\\server-error.ts","statementMap":{"0":{"start":{"line":3,"column":4},"end":{"line":3,"column":null}},"1":{"start":{"line":4,"column":4},"end":{"line":4,"column":null}},"2":{"start":{"line":5,"column":4},"end":{"line":5,"column":null}},"3":{"start":{"line":1,"column":0},"end":{"line":1,"column":13}}},"fnMap":{"0":{"name":"(anonymous_0)","decl":{"start":{"line":2,"column":2},"end":{"line":2,"column":15}},"loc":{"start":{"line":2,"column":28},"end":{"line":6,"column":3}}}},"branchMap":{},"s":{"0":4,"1":4,"2":4,"3":2},"f":{"0":4},"b":{}}
,"C:\\Users\\421931\\Desktop\\projects_carlos\\return-new\\src\\presentation\\errors\\token-expired.ts": {"path":"C:\\Users\\421931\\Desktop\\projects_carlos\\return-new\\src\\presentation\\errors\\token-expired.ts","statementMap":{"0":{"start":{"line":3,"column":4},"end":{"line":3,"column":null}},"1":{"start":{"line":4,"column":4},"end":{"line":4,"column":null}},"2":{"start":{"line":1,"column":0},"end":{"line":1,"column":13}}},"fnMap":{"0":{"name":"(anonymous_0)","decl":{"start":{"line":2,"column":2},"end":{"line":2,"column":null}},"loc":{"start":{"line":2,"column":2},"end":{"line":5,"column":3}}}},"branchMap":{},"s":{"0":0,"1":0,"2":0},"f":{"0":0},"b":{}}
,"C:\\Users\\421931\\Desktop\\projects_carlos\\return-new\\src\\presentation\\errors\\token-invalid.ts": {"path":"C:\\Users\\421931\\Desktop\\projects_carlos\\return-new\\src\\presentation\\errors\\token-invalid.ts","statementMap":{"0":{"start":{"line":3,"column":4},"end":{"line":3,"column":null}},"1":{"start":{"line":4,"column":4},"end":{"line":4,"column":null}},"2":{"start":{"line":1,"column":0},"end":{"line":1,"column":13}}},"fnMap":{"0":{"name":"(anonymous_0)","decl":{"start":{"line":2,"column":2},"end":{"line":2,"column":null}},"loc":{"start":{"line":2,"column":2},"end":{"line":5,"column":3}}}},"branchMap":{},"s":{"0":0,"1":0,"2":0},"f":{"0":0},"b":{}}
,"C:\\Users\\421931\\Desktop\\projects_carlos\\return-new\\src\\presentation\\helpers\\http-helper.ts": {"path":"C:\\Users\\421931\\Desktop\\projects_carlos\\return-new\\src\\presentation\\helpers\\http-helper.ts","statementMap":{"0":{"start":{"line":2,"column":0},"end":{"line":2,"column":39}},"1":{"start":{"line":4,"column":26},"end":{"line":7,"column":2}},"2":{"start":{"line":4,"column":59},"end":{"line":7,"column":2}},"3":{"start":{"line":4,"column":13},"end":{"line":4,"column":26}},"4":{"start":{"line":9,"column":28},"end":{"line":12,"column":2}},"5":{"start":{"line":9,"column":61},"end":{"line":12,"column":2}},"6":{"start":{"line":9,"column":13},"end":{"line":9,"column":28}},"7":{"start":{"line":14,"column":23},"end":{"line":17,"column":2}},"8":{"start":{"line":14,"column":44},"end":{"line":17,"column":2}},"9":{"start":{"line":14,"column":13},"end":{"line":14,"column":23}},"10":{"start":{"line":19,"column":25},"end":{"line":22,"column":2}},"11":{"start":{"line":19,"column":58},"end":{"line":22,"column":2}},"12":{"start":{"line":19,"column":13},"end":{"line":19,"column":25}},"13":{"start":{"line":24,"column":27},"end":{"line":27,"column":2}},"14":{"start":{"line":24,"column":60},"end":{"line":27,"column":2}},"15":{"start":{"line":24,"column":13},"end":{"line":24,"column":27}},"16":{"start":{"line":29,"column":18},"end":{"line":32,"column":2}},"17":{"start":{"line":29,"column":48},"end":{"line":32,"column":2}},"18":{"start":{"line":29,"column":13},"end":{"line":29,"column":18}},"19":{"start":{"line":34,"column":25},"end":{"line":37,"column":2}},"20":{"start":{"line":34,"column":46},"end":{"line":37,"column":2}},"21":{"start":{"line":34,"column":13},"end":{"line":34,"column":25}}},"fnMap":{"0":{"name":"(anonymous_0)","decl":{"start":{"line":4,"column":26},"end":{"line":4,"column":27}},"loc":{"start":{"line":4,"column":59},"end":{"line":7,"column":2}}},"1":{"name":"(anonymous_1)","decl":{"start":{"line":9,"column":28},"end":{"line":9,"column":29}},"loc":{"start":{"line":9,"column":61},"end":{"line":12,"column":2}}},"2":{"name":"(anonymous_2)","decl":{"start":{"line":14,"column":23},"end":{"line":14,"column":40}},"loc":{"start":{"line":14,"column":44},"end":{"line":17,"column":2}}},"3":{"name":"(anonymous_3)","decl":{"start":{"line":19,"column":25},"end":{"line":19,"column":26}},"loc":{"start":{"line":19,"column":58},"end":{"line":22,"column":2}}},"4":{"name":"(anonymous_4)","decl":{"start":{"line":24,"column":27},"end":{"line":24,"column":28}},"loc":{"start":{"line":24,"column":60},"end":{"line":27,"column":2}}},"5":{"name":"(anonymous_5)","decl":{"start":{"line":29,"column":18},"end":{"line":29,"column":19}},"loc":{"start":{"line":29,"column":48},"end":{"line":32,"column":2}}},"6":{"name":"(anonymous_6)","decl":{"start":{"line":34,"column":25},"end":{"line":34,"column":42}},"loc":{"start":{"line":34,"column":46},"end":{"line":37,"column":2}}}},"branchMap":{},"s":{"0":2,"1":2,"2":6,"3":2,"4":2,"5":0,"6":2,"7":2,"8":0,"9":2,"10":2,"11":0,"12":2,"13":2,"14":4,"15":2,"16":2,"17":9,"18":2,"19":2,"20":0,"21":2},"f":{"0":6,"1":0,"2":0,"3":0,"4":4,"5":9,"6":0},"b":{}}
,"C:\\Users\\421931\\Desktop\\projects_carlos\\return-new\\src\\presentation\\helpers\\mapReturnListToInvoiceInput.ts": {"path":"C:\\Users\\421931\\Desktop\\projects_carlos\\return-new\\src\\presentation\\helpers\\mapReturnListToInvoiceInput.ts","statementMap":{"0":{"start":{"line":11,"column":43},"end":{"line":30,"column":1}},"1":{"start":{"line":15,"column":2},"end":{"line":29,"column":null}},"2":{"start":{"line":22,"column":23},"end":{"line":22,"column":53}},"3":{"start":{"line":23,"column":6},"end":{"line":27,"column":null}},"4":{"start":{"line":11,"column":13},"end":{"line":11,"column":43}}},"fnMap":{"0":{"name":"(anonymous_0)","decl":{"start":{"line":11,"column":43},"end":{"line":11,"column":null}},"loc":{"start":{"line":14,"column":36},"end":{"line":30,"column":1}}},"1":{"name":"(anonymous_1)","decl":{"start":{"line":21,"column":44},"end":{"line":21,"column":45}},"loc":{"start":{"line":21,"column":53},"end":{"line":28,"column":5}}}},"branchMap":{"0":{"loc":{"start":{"line":22,"column":23},"end":{"line":22,"column":53}},"type":"binary-expr","locations":[{"start":{"line":22,"column":23},"end":{"line":22,"column":48}},{"start":{"line":22,"column":52},"end":{"line":22,"column":53}}]},"1":{"loc":{"start":{"line":25,"column":21},"end":{"line":25,"column":59}},"type":"cond-expr","locations":[{"start":{"line":25,"column":47},"end":{"line":25,"column":55}},{"start":{"line":25,"column":58},"end":{"line":25,"column":59}}]},"2":{"loc":{"start":{"line":26,"column":22},"end":{"line":26,"column":60}},"type":"cond-expr","locations":[{"start":{"line":26,"column":48},"end":{"line":26,"column":56}},{"start":{"line":26,"column":59},"end":{"line":26,"column":60}}]}},"s":{"0":1,"1":5,"2":1,"3":1,"4":1},"f":{"0":5,"1":1},"b":{"0":[1,0],"1":[1,0],"2":[0,1]}}
,"C:\\Users\\421931\\Desktop\\projects_carlos\\return-new\\src\\presentation\\middlewares\\auth-middleware.ts": {"path":"C:\\Users\\421931\\Desktop\\projects_carlos\\return-new\\src\\presentation\\middlewares\\auth-middleware.ts","statementMap":{"0":{"start":{"line":2,"column":0},"end":{"line":2,"column":69}},"1":{"start":{"line":3,"column":0},"end":{"line":3,"column":65}},"2":{"start":{"line":5,"column":0},"end":{"line":5,"column":75}},"3":{"start":{"line":8,"column":21},"end":{"line":8,"column":39}},"4":{"start":{"line":12,"column":4},"end":{"line":22,"column":5}},"5":{"start":{"line":13,"column":30},"end":{"line":13,"column":37}},"6":{"start":{"line":14,"column":19},"end":{"line":14,"column":58}},"7":{"start":{"line":15,"column":6},"end":{"line":15,"column":null}},"8":{"start":{"line":15,"column":16},"end":{"line":15,"column":null}},"9":{"start":{"line":16,"column":6},"end":{"line":16,"column":null}},"10":{"start":{"line":18,"column":6},"end":{"line":18,"column":null}},"11":{"start":{"line":18,"column":42},"end":{"line":18,"column":null}},"12":{"start":{"line":19,"column":6},"end":{"line":19,"column":null}},"13":{"start":{"line":19,"column":42},"end":{"line":19,"column":null}},"14":{"start":{"line":20,"column":6},"end":{"line":20,"column":null}},"15":{"start":{"line":21,"column":6},"end":{"line":21,"column":null}},"16":{"start":{"line":6,"column":0},"end":{"line":6,"column":13}}},"fnMap":{"0":{"name":"(anonymous_0)","decl":{"start":{"line":7,"column":2},"end":{"line":7,"column":null}},"loc":{"start":{"line":8,"column":39},"end":{"line":9,"column":6}}},"1":{"name":"(anonymous_1)","decl":{"start":{"line":11,"column":2},"end":{"line":11,"column":7}},"loc":{"start":{"line":11,"column":47},"end":{"line":23,"column":3}}}},"branchMap":{"0":{"loc":{"start":{"line":15,"column":6},"end":{"line":15,"column":null}},"type":"if","locations":[{"start":{"line":15,"column":6},"end":{"line":15,"column":null}}]},"1":{"loc":{"start":{"line":18,"column":6},"end":{"line":18,"column":null}},"type":"if","locations":[{"start":{"line":18,"column":6},"end":{"line":18,"column":null}}]},"2":{"loc":{"start":{"line":19,"column":6},"end":{"line":19,"column":null}},"type":"if","locations":[{"start":{"line":19,"column":6},"end":{"line":19,"column":null}}]}},"s":{"0":0,"1":0,"2":0,"3":0,"4":0,"5":0,"6":0,"7":0,"8":0,"9":0,"10":0,"11":0,"12":0,"13":0,"14":0,"15":0,"16":0},"f":{"0":0,"1":0},"b":{"0":[0],"1":[0],"2":[0]}}
,"C:\\Users\\421931\\Desktop\\projects_carlos\\return-new\\src\\presentation\\middlewares\\verifiy-permissions-middleware.ts": {"path":"C:\\Users\\421931\\Desktop\\projects_carlos\\return-new\\src\\presentation\\middlewares\\verifiy-permissions-middleware.ts","statementMap":{"0":{"start":{"line":3,"column":0},"end":{"line":3,"column":54}},"1":{"start":{"line":5,"column":0},"end":{"line":5,"column":65}},"2":{"start":{"line":6,"column":0},"end":{"line":6,"column":75}},"3":{"start":{"line":10,"column":21},"end":{"line":10,"column":55}},"4":{"start":{"line":11,"column":21},"end":{"line":11,"column":42}},"5":{"start":{"line":12,"column":21},"end":{"line":12,"column":35}},"6":{"start":{"line":13,"column":21},"end":{"line":13,"column":36}},"7":{"start":{"line":17,"column":4},"end":{"line":26,"column":5}},"8":{"start":{"line":18,"column":38},"end":{"line":18,"column":45}},"9":{"start":{"line":19,"column":19},"end":{"line":19,"column":61}},"10":{"start":{"line":20,"column":33},"end":{"line":20,"column":131}},"11":{"start":{"line":21,"column":6},"end":{"line":21,"column":null}},"12":{"start":{"line":21,"column":30},"end":{"line":21,"column":null}},"13":{"start":{"line":22,"column":6},"end":{"line":22,"column":null}},"14":{"start":{"line":24,"column":6},"end":{"line":24,"column":null}},"15":{"start":{"line":25,"column":6},"end":{"line":25,"column":null}},"16":{"start":{"line":8,"column":0},"end":{"line":8,"column":13}}},"fnMap":{"0":{"name":"(anonymous_0)","decl":{"start":{"line":9,"column":2},"end":{"line":9,"column":null}},"loc":{"start":{"line":13,"column":36},"end":{"line":14,"column":6}}},"1":{"name":"(anonymous_1)","decl":{"start":{"line":16,"column":2},"end":{"line":16,"column":7}},"loc":{"start":{"line":16,"column":60},"end":{"line":27,"column":3}}}},"branchMap":{"0":{"loc":{"start":{"line":21,"column":6},"end":{"line":21,"column":null}},"type":"if","locations":[{"start":{"line":21,"column":6},"end":{"line":21,"column":null}}]}},"s":{"0":0,"1":0,"2":0,"3":0,"4":0,"5":0,"6":0,"7":0,"8":0,"9":0,"10":0,"11":0,"12":0,"13":0,"14":0,"15":0,"16":0},"f":{"0":0,"1":0},"b":{"0":[0]}}
,"C:\\Users\\421931\\Desktop\\projects_carlos\\return-new\\src\\presentation\\mocks\\error-mock.ts": {"path":"C:\\Users\\421931\\Desktop\\projects_carlos\\return-new\\src\\presentation\\mocks\\error-mock.ts","statementMap":{"0":{"start":{"line":1,"column":26},"end":{"line":3,"column":1}},"1":{"start":{"line":2,"column":2},"end":{"line":2,"column":null}},"2":{"start":{"line":1,"column":13},"end":{"line":1,"column":26}}},"fnMap":{"0":{"name":"(anonymous_0)","decl":{"start":{"line":1,"column":26},"end":{"line":1,"column":36}},"loc":{"start":{"line":1,"column":38},"end":{"line":3,"column":1}}}},"branchMap":{},"s":{"0":4,"1":4,"2":4},"f":{"0":4},"b":{}}
,"C:\\Users\\421931\\Desktop\\projects_carlos\\return-new\\src\\presentation\\mocks\\inputs.ts": {"path":"C:\\Users\\421931\\Desktop\\projects_carlos\\return-new\\src\\presentation\\mocks\\inputs.ts","statementMap":{"0":{"start":{"line":3,"column":13},"end":{"line":11,"column":null}},"1":{"start":{"line":13,"column":13},"end":{"line":33,"column":null}},"2":{"start":{"line":35,"column":13},"end":{"line":53,"column":null}}},"fnMap":{},"branchMap":{},"s":{"0":4,"1":4,"2":4},"f":{},"b":{}}
,"C:\\Users\\421931\\Desktop\\projects_carlos\\return-new\\src\\presentation\\mocks\\use-cases.ts": {"path":"C:\\Users\\421931\\Desktop\\projects_carlos\\return-new\\src\\presentation\\mocks\\use-cases.ts","statementMap":{"0":{"start":{"line":7,"column":4},"end":{"line":7,"column":null}},"1":{"start":{"line":8,"column":4},"end":{"line":8,"column":null}},"2":{"start":{"line":4,"column":0},"end":{"line":4,"column":13}},"3":{"start":{"line":15,"column":4},"end":{"line":15,"column":null}},"4":{"start":{"line":16,"column":4},"end":{"line":16,"column":null}},"5":{"start":{"line":12,"column":0},"end":{"line":12,"column":13}}},"fnMap":{"0":{"name":"(anonymous_0)","decl":{"start":{"line":6,"column":2},"end":{"line":6,"column":7}},"loc":{"start":{"line":6,"column":29},"end":{"line":9,"column":3}}},"1":{"name":"(anonymous_1)","decl":{"start":{"line":14,"column":2},"end":{"line":14,"column":7}},"loc":{"start":{"line":14,"column":57},"end":{"line":17,"column":3}}}},"branchMap":{},"s":{"0":3,"1":3,"2":2,"3":4,"4":4,"5":2},"f":{"0":3,"1":4},"b":{}}
,"C:\\Users\\421931\\Desktop\\projects_carlos\\return-new\\src\\presentation\\mocks\\validator-mock.ts": {"path":"C:\\Users\\421931\\Desktop\\projects_carlos\\return-new\\src\\presentation\\mocks\\validator-mock.ts","statementMap":{"0":{"start":{"line":7,"column":4},"end":{"line":7,"column":null}},"1":{"start":{"line":8,"column":4},"end":{"line":10,"column":null}},"2":{"start":{"line":4,"column":0},"end":{"line":4,"column":13}}},"fnMap":{"0":{"name":"(anonymous_0)","decl":{"start":{"line":6,"column":2},"end":{"line":6,"column":9}},"loc":{"start":{"line":6,"column":37},"end":{"line":11,"column":3}}}},"branchMap":{},"s":{"0":10,"1":10,"2":2},"f":{"0":10},"b":{}}
,"C:\\Users\\421931\\Desktop\\projects_carlos\\return-new\\src\\presentation\\mocks\\xml-mock.ts": {"path":"C:\\Users\\421931\\Desktop\\projects_carlos\\return-new\\src\\presentation\\mocks\\xml-mock.ts","statementMap":{"0":{"start":{"line":1,"column":13},"end":{"line":218,"column":null}},"1":{"start":{"line":220,"column":13},"end":{"line":493,"column":null}}},"fnMap":{},"branchMap":{},"s":{"0":1,"1":1},"f":{},"b":{}}
}
