TN:
SF:src\data\useCases\db-include-invoice-in-demand.ts
FN:5,(anonymous_0)
FN:6,(anonymous_1)
FNF:2
FNH:2
FNDA:3,(anonymous_0)
FNDA:3,(anonymous_1)
DA:4,1
DA:5,3
DA:7,3
DA:8,2
LF:4
LH:4
BRF:0
BRH:0
end_of_record
TN:
SF:src\data\useCases\db-register-demand.ts
FN:5,(anonymous_0)
FN:6,(anonymous_1)
FNF:2
FNH:2
FNDA:3,(anonymous_0)
FNDA:3,(anonymous_1)
DA:4,1
DA:5,3
DA:7,3
DA:8,2
LF:4
LH:4
BRF:0
BRH:0
end_of_record
TN:
SF:src\infra\auth\jwt\jwt-adapter-make.ts
FN:5,(anonymous_0)
FN:9,(anonymous_1)
FNF:2
FNH:0
FNDA:0,(anonymous_0)
FNDA:0,(anonymous_1)
DA:4,0
DA:6,0
DA:10,0
LF:3
LH:0
BRF:0
BRH:0
end_of_record
TN:
SF:src\infra\auth\jwt\jwt-adapter.ts
FN:10,(anonymous_1)
FN:17,(anonymous_2)
FNF:2
FNH:0
FNDA:0,(anonymous_1)
FNDA:0,(anonymous_2)
DA:3,0
DA:4,0
DA:5,0
DA:6,0
DA:7,0
DA:9,0
DA:11,0
DA:12,0
DA:13,0
DA:18,0
DA:19,0
DA:20,0
DA:22,0
DA:23,0
DA:24,0
DA:25,0
LF:16
LH:0
BRDA:12,0,0,0
BRDA:23,1,0,0
BRDA:24,2,0,0
BRF:3
BRH:0
end_of_record
TN:
SF:src\infra\cache\chace-console.ts
FN:4,(anonymous_0)
FN:8,(anonymous_1)
FN:12,(anonymous_2)
FN:16,(anonymous_3)
FN:20,(anonymous_4)
FNF:5
FNH:0
FNDA:0,(anonymous_0)
FNDA:0,(anonymous_1)
FNDA:0,(anonymous_2)
FNDA:0,(anonymous_3)
FNDA:0,(anonymous_4)
DA:3,0
DA:5,0
DA:9,0
DA:13,0
DA:17,0
DA:21,0
LF:6
LH:0
BRF:0
BRH:0
end_of_record
TN:
SF:src\infra\cache\redis.ts
FN:7,(anonymous_1)
FN:18,(anonymous_2)
FN:27,(anonymous_3)
FN:28,(anonymous_4)
FN:36,(anonymous_5)
FN:40,(anonymous_6)
FN:41,(anonymous_7)
FN:44,(anonymous_8)
FNF:8
FNH:0
FNDA:0,(anonymous_1)
FNDA:0,(anonymous_2)
FNDA:0,(anonymous_3)
FNDA:0,(anonymous_4)
FNDA:0,(anonymous_5)
FNDA:0,(anonymous_6)
FNDA:0,(anonymous_7)
FNDA:0,(anonymous_8)
DA:1,0
DA:4,0
DA:9,0
DA:19,0
DA:20,0
DA:21,0
DA:23,0
DA:28,0
DA:29,0
DA:30,0
DA:32,0
DA:37,0
DA:41,0
DA:45,0
LF:14
LH:0
BRDA:20,0,0,0
BRDA:20,0,1,0
BRDA:29,1,0,0
BRF:3
BRH:0
end_of_record
TN:
SF:src\infra\convertFile\convert-for-json.ts
FN:5,(anonymous_0)
FN:10,(anonymous_1)
FNF:2
FNH:2
FNDA:2,(anonymous_0)
FNDA:2,(anonymous_1)
DA:4,1
DA:6,2
DA:7,2
DA:11,2
DA:12,2
DA:13,1
DA:15,1
LF:7
LH:7
BRDA:12,0,0,1
BRDA:15,1,0,1
BRF:2
BRH:2
end_of_record
TN:
SF:src\infra\convertFile\conversors\xlsx-converter.ts
FN:6,(anonymous_9)
FN:22,(anonymous_10)
FNF:2
FNH:2
FNDA:3,(anonymous_9)
FNDA:4,(anonymous_10)
DA:3,2
DA:5,2
DA:7,3
DA:8,3
DA:9,3
DA:11,3
DA:12,0
DA:15,3
DA:17,3
DA:18,1
DA:21,2
DA:22,4
DA:28,2
LF:13
LH:12
BRDA:11,0,0,0
BRDA:17,1,0,1
BRDA:21,2,0,2
BRDA:21,2,1,0
BRDA:23,3,0,4
BRDA:23,3,1,0
BRDA:24,4,0,4
BRDA:24,4,1,0
BRDA:25,5,0,4
BRDA:25,5,1,0
BRF:10
BRH:5
end_of_record
TN:
SF:src\infra\convertFile\conversors\xml-converter.ts
FN:5,(anonymous_1)
FN:16,(anonymous_2)
FN:31,(anonymous_3)
FNF:3
FNH:3
FNDA:3,(anonymous_1)
FNDA:2,(anonymous_2)
FNDA:2,(anonymous_3)
DA:2,2
DA:4,2
DA:6,3
DA:8,3
DA:9,1
DA:12,2
DA:13,2
DA:18,2
DA:19,1
DA:29,1
DA:31,2
LF:11
LH:11
BRDA:8,0,0,1
BRDA:8,1,0,1
BRDA:8,1,1,2
BRDA:8,2,0,3
BRDA:8,2,1,3
BRDA:8,3,0,1
BRDA:8,3,1,2
BRDA:8,4,0,3
BRDA:8,4,1,3
BRDA:8,5,0,1
BRDA:8,5,1,2
BRDA:8,6,0,3
BRDA:8,6,1,3
BRDA:8,7,0,0
BRDA:8,7,1,3
BRDA:8,8,0,3
BRDA:8,8,1,3
BRDA:18,9,0,1
BRF:18
BRH:17
end_of_record
TN:
SF:src\infra\observability\logger\logger-provider.ts
FNF:0
FNH:0
DA:1,0
DA:3,0
LF:2
LH:0
BRF:0
BRH:0
end_of_record
TN:
SF:src\infra\observability\logger\logger-instances\logger-pino.ts
FN:4,(anonymous_1)
FN:9,(anonymous_2)
FN:13,(anonymous_3)
FN:17,(anonymous_4)
FN:21,(anonymous_5)
FNF:5
FNH:0
FNDA:0,(anonymous_1)
FNDA:0,(anonymous_2)
FNDA:0,(anonymous_3)
FNDA:0,(anonymous_4)
FNDA:0,(anonymous_5)
DA:1,0
DA:4,0
DA:5,0
DA:10,0
DA:14,0
DA:18,0
DA:22,0
LF:7
LH:0
BRF:0
BRH:0
end_of_record
TN:
SF:src\infra\observability\logger\logger-instances\logger-winstson-teste.ts
FNF:0
FNH:0
DA:1,0
DA:2,0
DA:3,0
DA:4,0
DA:5,0
DA:7,0
DA:22,0
LF:7
LH:0
BRF:0
BRH:0
end_of_record
TN:
SF:src\infra\observability\logger\logger-instances\logger-winstson.ts
FN:5,(anonymous_1)
FN:21,(anonymous_2)
FN:25,(anonymous_3)
FN:29,(anonymous_4)
FN:33,(anonymous_5)
FNF:5
FNH:0
FNDA:0,(anonymous_1)
FNDA:0,(anonymous_2)
FNDA:0,(anonymous_3)
FNDA:0,(anonymous_4)
FNDA:0,(anonymous_5)
DA:1,0
DA:3,0
DA:5,0
DA:6,0
DA:22,0
DA:26,0
DA:30,0
DA:34,0
LF:8
LH:0
BRF:0
BRH:0
end_of_record
TN:
SF:src\infra\observability\metrics\metrics.ts
FNF:0
FNH:0
DA:1,0
DA:2,0
DA:5,0
DA:6,0
DA:7,0
DA:8,0
DA:10,0
DA:15,0
DA:24,0
LF:9
LH:0
BRF:0
BRH:0
end_of_record
TN:
SF:src\infra\validators\validator-zod.ts
FN:7,(anonymous_0)
FN:9,(anonymous_1)
FN:13,(anonymous_2)
FNF:3
FNH:3
FNDA:2,(anonymous_0)
FNDA:2,(anonymous_1)
FNDA:2,(anonymous_2)
DA:3,1
DA:4,1
DA:6,1
DA:7,2
DA:10,2
DA:11,2
DA:12,1
DA:13,2
DA:14,1
DA:19,1
DA:20,1
LF:11
LH:11
BRDA:11,0,0,1
BRDA:19,1,0,1
BRF:2
BRH:2
end_of_record
TN:
SF:src\presentation\controllers\include-invoice-in-demand.ts
FN:9,(anonymous_0)
FN:15,(anonymous_1)
FNF:2
FNH:2
FNDA:7,(anonymous_0)
FNDA:7,(anonymous_1)
DA:4,1
DA:6,1
DA:8,1
DA:10,7
DA:11,7
DA:12,7
DA:16,7
DA:17,7
DA:18,7
DA:19,7
DA:20,6
DA:21,5
DA:22,4
DA:24,1
LF:14
LH:14
BRDA:19,0,0,1
BRDA:20,1,0,1
BRF:2
BRH:2
end_of_record
TN:
SF:src\presentation\controllers\register-demand-controller.ts
FN:7,(anonymous_0)
FN:12,(anonymous_1)
FNF:2
FNH:2
FNDA:5,(anonymous_0)
FNDA:5,(anonymous_1)
DA:2,1
DA:6,1
DA:8,5
DA:9,5
DA:13,5
DA:14,5
DA:15,5
DA:16,4
DA:18,3
DA:20,1
LF:10
LH:10
BRDA:15,0,0,1
BRF:1
BRH:1
end_of_record
TN:
SF:src\presentation\errors\access-denied-error.ts
FN:2,(anonymous_0)
FNF:1
FNH:0
FNDA:0,(anonymous_0)
DA:1,0
DA:3,0
DA:4,0
LF:3
LH:0
BRF:0
BRH:0
end_of_record
TN:
SF:src\presentation\errors\invalid-param-error.ts
FN:2,(anonymous_0)
FNF:1
FNH:1
FNDA:6,(anonymous_0)
DA:1,3
DA:3,6
DA:4,6
LF:3
LH:3
BRF:0
BRH:0
end_of_record
TN:
SF:src\presentation\errors\server-error.ts
FN:2,(anonymous_0)
FNF:1
FNH:1
FNDA:4,(anonymous_0)
DA:1,2
DA:3,4
DA:4,4
DA:5,4
LF:4
LH:4
BRF:0
BRH:0
end_of_record
TN:
SF:src\presentation\errors\token-expired.ts
FN:2,(anonymous_0)
FNF:1
FNH:0
FNDA:0,(anonymous_0)
DA:1,0
DA:3,0
DA:4,0
LF:3
LH:0
BRF:0
BRH:0
end_of_record
TN:
SF:src\presentation\errors\token-invalid.ts
FN:2,(anonymous_0)
FNF:1
FNH:0
FNDA:0,(anonymous_0)
DA:1,0
DA:3,0
DA:4,0
LF:3
LH:0
BRF:0
BRH:0
end_of_record
TN:
SF:src\presentation\helpers\http-helper.ts
FN:4,(anonymous_0)
FN:9,(anonymous_1)
FN:14,(anonymous_2)
FN:19,(anonymous_3)
FN:24,(anonymous_4)
FN:29,(anonymous_5)
FN:34,(anonymous_6)
FNF:7
FNH:3
FNDA:6,(anonymous_0)
FNDA:0,(anonymous_1)
FNDA:0,(anonymous_2)
FNDA:0,(anonymous_3)
FNDA:4,(anonymous_4)
FNDA:9,(anonymous_5)
FNDA:0,(anonymous_6)
DA:2,2
DA:4,6
DA:9,2
DA:14,2
DA:19,2
DA:24,4
DA:29,9
DA:34,2
LF:8
LH:8
BRF:0
BRH:0
end_of_record
TN:
SF:src\presentation\helpers\mapReturnListToInvoiceInput.ts
FN:11,(anonymous_0)
FN:21,(anonymous_1)
FNF:2
FNH:2
FNDA:5,(anonymous_0)
FNDA:1,(anonymous_1)
DA:11,1
DA:15,5
DA:22,1
DA:23,1
LF:4
LH:4
BRDA:22,0,0,1
BRDA:22,0,1,0
BRDA:25,1,0,1
BRDA:25,1,1,0
BRDA:26,2,0,0
BRDA:26,2,1,1
BRF:6
BRH:3
end_of_record
TN:
SF:src\presentation\middlewares\auth-middleware.ts
FN:7,(anonymous_0)
FN:11,(anonymous_1)
FNF:2
FNH:0
FNDA:0,(anonymous_0)
FNDA:0,(anonymous_1)
DA:2,0
DA:3,0
DA:5,0
DA:6,0
DA:8,0
DA:12,0
DA:13,0
DA:14,0
DA:15,0
DA:16,0
DA:18,0
DA:19,0
DA:20,0
DA:21,0
LF:14
LH:0
BRDA:15,0,0,0
BRDA:18,1,0,0
BRDA:19,2,0,0
BRF:3
BRH:0
end_of_record
TN:
SF:src\presentation\middlewares\verifiy-permissions-middleware.ts
FN:9,(anonymous_0)
FN:16,(anonymous_1)
FNF:2
FNH:0
FNDA:0,(anonymous_0)
FNDA:0,(anonymous_1)
DA:3,0
DA:5,0
DA:6,0
DA:8,0
DA:10,0
DA:11,0
DA:12,0
DA:13,0
DA:17,0
DA:18,0
DA:19,0
DA:20,0
DA:21,0
DA:22,0
DA:24,0
DA:25,0
LF:16
LH:0
BRDA:21,0,0,0
BRF:1
BRH:0
end_of_record
TN:
SF:src\presentation\mocks\error-mock.ts
FN:1,(anonymous_0)
FNF:1
FNH:1
FNDA:4,(anonymous_0)
DA:1,4
DA:2,4
LF:2
LH:2
BRF:0
BRH:0
end_of_record
TN:
SF:src\presentation\mocks\inputs.ts
FNF:0
FNH:0
DA:3,4
DA:13,4
DA:35,4
LF:3
LH:3
BRF:0
BRH:0
end_of_record
TN:
SF:src\presentation\mocks\use-cases.ts
FN:6,(anonymous_0)
FN:14,(anonymous_1)
FNF:2
FNH:2
FNDA:3,(anonymous_0)
FNDA:4,(anonymous_1)
DA:4,2
DA:7,3
DA:8,3
DA:12,2
DA:15,4
DA:16,4
LF:6
LH:6
BRF:0
BRH:0
end_of_record
TN:
SF:src\presentation\mocks\validator-mock.ts
FN:6,(anonymous_0)
FNF:1
FNH:1
FNDA:10,(anonymous_0)
DA:4,2
DA:7,10
DA:8,10
LF:3
LH:3
BRF:0
BRH:0
end_of_record
TN:
SF:src\presentation\mocks\xml-mock.ts
FNF:0
FNH:0
DA:1,1
DA:220,1
LF:2
LH:2
BRF:0
BRH:0
end_of_record
